<?xml version="1.0" encoding="UTF-8"?>
<!-- Generated by org.testng.reporters.JUnitReportReporter -->
<testsuite hostname="DESKTOP-V8MHTOD" failures="0" tests="3" name="darshanseries.test.Loginpagetest" time="3.021" errors="0" timestamp="2023-11-21T18:38:11 IST" skipped="0">
  <testcase classname="darshanseries.test.Loginpagetest" name="loginPageTitleTest" time="0.065"/>
  <testcase classname="darshanseries.test.Loginpagetest" name="loginPageUrlTest" time="0.020"/>
  <testcase classname="darshanseries.test.Loginpagetest" name="loginTest" time="2.936"/>
</testsuite> <!-- darshanseries.test.Loginpagetest -->
