<?xml version="1.0" encoding="UTF-8"?>
<!-- Generated by org.testng.reporters.JUnitReportReporter -->
<testsuite hostname="DESKTOP-V8MHTOD" failures="0" tests="2" name="darshanseries.test.Homepagetest" time="3.843" errors="0" timestamp="2023-11-21T18:23:50 IST" skipped="0">
  <testcase classname="darshanseries.test.Homepagetest" name="systemUserDetailsTest" time="3.783"/>
  <testcase classname="darshanseries.test.Homepagetest" name="homePageTitleTest" time="0.060"/>
</testsuite> <!-- darshanseries.test.Homepagetest -->
